2016-11-02 13:50:06 INFO  [bing.AppUI] 感谢使用 走向未来?考勤统计辅助工具v1.0
2016-11-02 13:51:42 INFO  [bing.AppUI] 感谢使用 走向未来?考勤统计辅助工具v1.0
2016-11-02 17:57:47 INFO  [bing.AppUI] 感谢使用 走向未来?考勤统计辅助工具v1.0
2016-11-02 17:57:58 INFO  [bing.thread.StatThread] [安丽丽] 实出勤 19 天，异常日期：5日,1日,
2016-11-02 17:57:58 INFO  [bing.thread.StatThread] [赵晓宁] 实出勤 19 天，异常日期：12日,30日,
2016-11-02 17:57:58 INFO  [bing.thread.StatThread] [谢冰] 实出勤 16 天，异常日期：5日,9日,14日,23日,28日,
2016-11-02 17:57:58 INFO  [bing.thread.StatThread] [汤静] 实出勤 19 天，异常日期：20日,21日,
2016-11-02 17:57:58 INFO  [bing.thread.StatThread] [郝苗苗] 实出勤 17 天，异常日期：5日,6日,7日,9日,
2016-11-02 17:57:58 INFO  [bing.thread.StatThread] [孙义萍] 实出勤 1 天，异常日期：2日,5日,6日,7日,8日,9日,12日,13日,18日,19日,20日,21日,22日,23日,26日,27日,28日,29日,30日,1日,
2016-11-02 17:57:58 INFO  [bing.thread.StatThread] [王潇然] 实出勤 13 天，异常日期：5日,12日,18日,21日,22日,28日,30日,1日,
2016-11-02 17:57:58 INFO  [bing.thread.StatThread] [董万林] 实出勤 0 天，异常日期：2日,3日,4日,5日,6日,7日,8日,9日,10日,11日,12日,13日,14日,17日,18日,19日,20日,21日,22日,23日,24日,26日,27日,28日,29日,30日,1日,
2016-11-02 17:57:58 INFO  [bing.thread.StatThread] [张蕾] 实出勤 1 天，异常日期：2日,5日,6日,7日,8日,9日,12日,13日,14日,18日,19日,20日,21日,22日,23日,26日,27日,28日,29日,30日,
2016-11-02 17:57:58 INFO  [bing.thread.StatThread] [刘洪女] 实出勤 2 天，异常日期：2日,5日,6日,7日,8日,12日,13日,18日,19日,20日,21日,22日,23日,26日,27日,28日,29日,30日,1日,
2016-11-02 17:57:58 INFO  [bing.thread.StatThread] [朱兆迁] 实出勤 11 天，异常日期：5日,6日,7日,8日,13日,14日,21日,23日,30日,1日,
2016-11-02 17:57:58 INFO  [bing.thread.StatThread] [韩薇] 实出勤 14 天，异常日期：5日,7日,8日,19日,20日,23日,27日,
2016-11-02 17:57:58 INFO  [bing.thread.StatThread] [田东芳] 实出勤 18 天，异常日期：26日,27日,28日,
2016-11-02 17:57:58 INFO  [bing.thread.StatThread] [陈波] 实出勤 15 天，异常日期：2日,7日,9日,19日,27日,28日,
2016-11-02 17:57:58 INFO  [bing.thread.StatThread] [李丽] 实出勤 13 天，异常日期：5日,7日,8日,12日,23日,26日,30日,1日,
2016-11-02 17:57:59 INFO  [bing.thread.StatThread] [李红梅] 实出勤 5 天，异常日期：2日,5日,6日,7日,8日,9日,14日,18日,19日,22日,26日,27日,28日,29日,30日,1日,
2016-11-02 17:57:59 INFO  [bing.thread.StatThread] [张晶晶] 实出勤 0 天，异常日期：2日,5日,6日,7日,8日,9日,12日,13日,14日,18日,19日,20日,21日,22日,23日,26日,27日,28日,29日,30日,1日,
2016-11-02 17:57:59 INFO  [bing.thread.StatThread] [周玫] 实出勤 3 天，异常日期：2日,5日,6日,7日,8日,9日,13日,14日,18日,21日,22日,23日,26日,27日,28日,29日,30日,1日,
2016-11-02 17:57:59 INFO  [bing.thread.StatThread] [李雷] 实出勤 3 天，异常日期：2日,5日,6日,7日,8日,9日,13日,18日,19日,20日,21日,22日,23日,26日,27日,28日,29日,30日,
2016-11-02 17:57:59 INFO  [bing.thread.StatThread] [尹婷] 实出勤 21 天，异常日期：
2016-11-02 17:57:59 INFO  [bing.thread.StatThread] [李筱雅] 实出勤 13 天，异常日期：2日,5日,6日,8日,12日,13日,26日,30日,
2016-11-02 17:57:59 INFO  [bing.thread.StatThread] [刘晓娟] 实出勤 17 天，异常日期：7日,8日,30日,1日,
2016-11-02 17:57:59 INFO  [bing.thread.StatThread] [姜雪芳] 实出勤 12 天，异常日期：6日,8日,11日,13日,14日,18日,21日,26日,29日,30日,
2016-11-02 17:57:59 INFO  [bing.thread.StatThread] [马春媛] 实出勤 19 天，异常日期：11日,21日,1日,
2016-11-02 17:57:59 INFO  [bing.thread.StatThread] [陈鹏飞] 实出勤 0 天，异常日期：2日,5日,6日,7日,8日,9日,12日,13日,14日,18日,19日,20日,21日,22日,23日,26日,27日,28日,29日,30日,1日,
2016-11-02 17:57:59 INFO  [bing.thread.StatThread] [韩博文] 实出勤 19 天，异常日期：18日,26日,
2016-11-02 17:57:59 INFO  [bing.thread.StatThread] [吕宏伟] 实出勤 15 天，异常日期：13日,22日,23日,26日,27日,30日,
2016-11-02 17:58:00 INFO  [bing.thread.StatThread] [王晶] 实出勤 6 天，异常日期：2日,5日,6日,7日,8日,9日,14日,18日,20日,21日,22日,23日,28日,29日,1日,
2016-11-02 17:58:00 INFO  [bing.thread.StatThread] [陈晓艳] 实出勤 17 天，异常日期：6日,26日,28日,30日,
2016-11-02 17:58:00 INFO  [bing.thread.StatThread] [段静] 实出勤 18 天，异常日期：2日,14日,21日,
2016-11-02 17:58:00 INFO  [bing.thread.StatThread] [张文] 实出勤 2 天，异常日期：2日,5日,6日,7日,8日,9日,12日,13日,14日,18日,20日,21日,22日,23日,26日,27日,28日,29日,30日,
2016-11-02 17:58:00 INFO  [bing.thread.StatThread] [张鹏飞] 实出勤 11 天，异常日期：7日,12日,14日,20日,21日,22日,23日,26日,27日,28日,
2016-11-02 17:58:00 INFO  [bing.thread.StatThread] [赵妍] 实出勤 19 天，异常日期：26日,1日,
2016-11-02 17:58:00 INFO  [bing.thread.StatThread] [刘东辉] 实出勤 6 天，异常日期：2日,5日,6日,7日,8日,9日,12日,14日,19日,21日,23日,27日,28日,30日,1日,
2016-11-02 17:58:00 INFO  [bing.thread.StatThread] [李海林] 实出勤 13 天，异常日期：2日,8日,18日,20日,21日,22日,23日,1日,
2016-11-02 17:58:00 INFO  [bing.thread.StatThread] [贾先梅] 实出勤 14 天，异常日期：2日,22日,23日,26日,27日,28日,29日,
2016-11-02 17:58:00 INFO  [bing.thread.StatThread] [宁亮] 实出勤 6 天，异常日期：5日,6日,13日,14日,18日,19日,20日,21日,22日,23日,26日,27日,28日,29日,30日,
2016-11-02 17:58:00 INFO  [bing.thread.StatThread] [杨原华] 实出勤 10 天，异常日期：9日,18日,19日,20日,21日,22日,23日,26日,27日,28日,29日,
2016-11-02 17:58:00 INFO  [bing.thread.StatThread] [李慧] 实出勤 19 天，异常日期：18日,1日,
2016-11-02 17:58:00 INFO  [bing.thread.StatThread] [陈伟雄] 实出勤 19 天，异常日期：18日,30日,
2016-11-02 17:58:00 INFO  [bing.thread.StatThread] [王瑞] 实出勤 19 天，异常日期：2日,23日,
2016-11-02 17:58:01 INFO  [bing.thread.StatThread] [刘艳平] 实出勤 14 天，异常日期：2日,6日,8日,19日,27日,28日,29日,
2016-11-02 17:58:01 INFO  [bing.thread.StatThread] [冯悦] 实出勤 11 天，异常日期：2日,5日,6日,7日,9日,13日,14日,18日,22日,26日,
2016-11-02 17:58:01 INFO  [bing.AppUI] 统计完毕.....
